--------------- Build Started: 01/06/2018 15:02:05 Project: BuzzerProject, Configuration: ARM GCC 5.4-2016-q2-update Debug ---------------
The code generation step is up to date.
arm-none-eabi-gcc.exe -c buzzerFuncs.c -o .\CortexM0\ARM_GCC_541\Debug\buzzerFuncs.o -mcpu=cortex-m0 -mthumb -I. -IGenerated_Source\PSoC4 -Wa,-alh=.\CortexM0\ARM_GCC_541\Debug/buzzerFuncs.lst -g -D DEBUG -D CY_CORE_ID=0 -Wall -ffunction-sections -ffat-lto-objects -Og
buzzerFuncs.c: In function 'testBuzzers':
buzzerFuncs.c:122:9: warning: unused variable 'buzzer4Tested' [-Wunused-variable]
     int buzzer4Tested = 0;
         ^
buzzerFuncs.c:121:9: warning: unused variable 'buzzer3Tested' [-Wunused-variable]
     int buzzer3Tested = 0;
         ^
buzzerFuncs.c:120:9: warning: unused variable 'buzzer2Tested' [-Wunused-variable]
     int buzzer2Tested = 0;
         ^
buzzerFuncs.c:119:9: warning: unused variable 'buzzer1Tested' [-Wunused-variable]
     int buzzer1Tested = 0;
         ^
arm-none-eabi-ar.exe -rs .\CortexM0\ARM_GCC_541\Debug\BuzzerProject.a .\CortexM0\ARM_GCC_541\Debug\CyFlash.o .\CortexM0\ARM_GCC_541\Debug\CyLib.o .\CortexM0\ARM_GCC_541\Debug\cyPm.o .\CortexM0\ARM_GCC_541\Debug\cyutils.o .\CortexM0\ARM_GCC_541\Debug\CyLFClk.o .\CortexM0\ARM_GCC_541\Debug\LED_1.o .\CortexM0\ARM_GCC_541\Debug\LED_1_PM.o .\CortexM0\ARM_GCC_541\Debug\Button_1.o .\CortexM0\ARM_GCC_541\Debug\Button_1_PM.o .\CortexM0\ARM_GCC_541\Debug\LED_2.o .\CortexM0\ARM_GCC_541\Debug\LED_2_PM.o .\CortexM0\ARM_GCC_541\Debug\Button_2.o .\CortexM0\ARM_GCC_541\Debug\Button_2_PM.o .\CortexM0\ARM_GCC_541\Debug\LED_3.o .\CortexM0\ARM_GCC_541\Debug\LED_3_PM.o .\CortexM0\ARM_GCC_541\Debug\Button_3.o .\CortexM0\ARM_GCC_541\Debug\Button_3_PM.o .\CortexM0\ARM_GCC_541\Debug\LED_4.o .\CortexM0\ARM_GCC_541\Debug\LED_4_PM.o .\CortexM0\ARM_GCC_541\Debug\Button_4.o .\CortexM0\ARM_GCC_541\Debug\Button_4_PM.o .\CortexM0\ARM_GCC_541\Debug\Reset.o .\CortexM0\ARM_GCC_541\Debug\Reset_PM.o .\CortexM0\ARM_GCC_541\Debug\Buzzer_1.o .\CortexM0\ARM_GCC_541\Debug\Buzzer_1_PM.o .\CortexM0\ARM_GCC_541\Debug\Buzzer_2.o .\CortexM0\ARM_GCC_541\Debug\Buzzer_2_PM.o .\CortexM0\ARM_GCC_541\Debug\LCD_Char_1.o .\CortexM0\ARM_GCC_541\Debug\LCD_Char_1_PM.o .\CortexM0\ARM_GCC_541\Debug\LCD_Char_1_LCDPort.o .\CortexM0\ARM_GCC_541\Debug\LCD_Char_1_LCDPort_PM.o .\CortexM0\ARM_GCC_541\Debug\CyBootAsmGnu.o
arm-none-eabi-ar.exe: creating .\CortexM0\ARM_GCC_541\Debug\BuzzerProject.a
arm-none-eabi-gcc.exe -Wl,--start-group -o "C:\Users\User\Documents\Fun Projects\PSoC Creator\Buzzer_System\BuzzerWorkspace\BuzzerProject.cydsn\CortexM0\ARM_GCC_541\Debug\BuzzerProject.elf" .\CortexM0\ARM_GCC_541\Debug\main.o .\CortexM0\ARM_GCC_541\Debug\buzzerFuncs.o .\CortexM0\ARM_GCC_541\Debug\cyfitter_cfg.o .\CortexM0\ARM_GCC_541\Debug\cymetadata.o .\CortexM0\ARM_GCC_541\Debug\Cm0Start.o .\CortexM0\ARM_GCC_541\Debug\BuzzerProject.a "C:\Program Files (x86)\Cypress\PSoC Creator\4.1\PSoC Creator\psoc\content\cycomponentlibrary\CyComponentLibrary.cylib\CortexM0\ARM_GCC_541\Debug\CyComponentLibrary.a" -mcpu=cortex-m0 -mthumb -L Generated_Source\PSoC4 -Wl,-Map,.\CortexM0\ARM_GCC_541\Debug/BuzzerProject.map -T Generated_Source\PSoC4\cm0gcc.ld -specs=nano.specs -Wl,--gc-sections -g -ffunction-sections -Og -ffat-lto-objects -Wl,--end-group
cyelftool.exe -C "C:\Users\User\Documents\Fun Projects\PSoC Creator\Buzzer_System\BuzzerWorkspace\BuzzerProject.cydsn\CortexM0\ARM_GCC_541\Debug\BuzzerProject.elf" --flash_row_size 128 --flash_size 32768 --flash_offset 0x00000000
cyelftool.exe -S "C:\Users\User\Documents\Fun Projects\PSoC Creator\Buzzer_System\BuzzerWorkspace\BuzzerProject.cydsn\CortexM0\ARM_GCC_541\Debug\BuzzerProject.elf"
Flash used: 3344 of 32768 bytes (10.2%).
SRAM used: 1544 of 4096 bytes (37.7%). Stack: 1024 bytes. Heap: 128 bytes.
--------------- Build Succeeded: 01/06/2018 15:02:07 ---------------
